<?xml version="1.0" encoding="UTF-8"?>
<!-- Generated by org.testng.reporters.JUnitXMLReporter -->
<testsuite ignored="3" hostname="LAPTOP-6AKV2JN9" failures="1" tests="1" name="chromeTest" time="6.496" errors="0" timestamp="2024-02-12T07:30:00 IST">
  <testcase classname="testScripts.LoginTest" name="verifyUserAbleToLoginWithCorrectUsernameAndCorrectPassword" time="0.131">
    <failure type="org.apache.poi.openxml4j.exceptions.NotOfficeXmlFileException" message="No valid entries or contents found, this is not a valid OOXML (Office Open XML) file">
      <![CDATA[org.apache.poi.openxml4j.exceptions.NotOfficeXmlFileException: No valid entries or contents found, this is not a valid OOXML (Office Open XML) file
at org.apache.poi.openxml4j.util.ZipArchiveThresholdInputStream.getNextEntry(ZipArchiveThresholdInputStream.java:156)
at org.apache.poi.openxml4j.util.ZipInputStreamZipEntrySource.<init>(ZipInputStreamZipEntrySource.java:94)
at org.apache.poi.openxml4j.opc.ZipPackage.<init>(ZipPackage.java:132)
at org.apache.poi.openxml4j.opc.OPCPackage.open(OPCPackage.java:319)
at org.apache.poi.ooxml.util.PackageHelper.open(PackageHelper.java:59)
at org.apache.poi.xssf.usermodel.XSSFWorkbook.<init>(XSSFWorkbook.java:290)
at org.apache.poi.xssf.usermodel.XSSFWorkbook.<init>(XSSFWorkbook.java:286)
at utilities.ExcelUtility.getString(ExcelUtility.java:28)
at testScripts.LoginTest.verifyUserAbleToLoginWithCorrectUsernameAndCorrectPassword(LoginTest.java:19)
at java.base/java.util.ArrayList.forEach(ArrayList.java:1596)
at java.base/java.util.concurrent.FutureTask.run(FutureTask.java:317)
at java.base/java.util.concurrent.ThreadPoolExecutor.runWorker(ThreadPoolExecutor.java:1144)
at java.base/java.util.concurrent.ThreadPoolExecutor$Worker.run(ThreadPoolExecutor.java:642)
at java.base/java.lang.Thread.run(Thread.java:1583)
Caused by: java.util.zip.ZipException: Unexpected record signature: 0XF489B04C
at org.apache.commons.compress.archivers.zip.ZipArchiveInputStream.getNextZipEntry(ZipArchiveInputStream.java:296)
at org.apache.poi.openxml4j.util.ZipArchiveThresholdInputStream.getNextEntry(ZipArchiveThresholdInputStream.java:152)
... 28 more
... Removed 15 stack frames]]>
    </failure>
  </testcase> <!-- verifyUserAbleToLoginWithCorrectUsernameAndCorrectPassword -->
  <testcase classname="testScripts.LoginTest" name="verifyUserNOTAbleToLoginWithIncorrectUsernameAndCorrectPassword" time="0.0">
    <ignored/>
  </testcase> <!-- verifyUserNOTAbleToLoginWithIncorrectUsernameAndCorrectPassword -->
  <testcase classname="testScripts.LoginTest" name="verifyUserNOTAbleToLoginWithIncorrectUsernameAndIncorrectPassword" time="0.0">
    <ignored/>
  </testcase> <!-- verifyUserNOTAbleToLoginWithIncorrectUsernameAndIncorrectPassword -->
  <testcase classname="testScripts.LoginTest" name="verifyUserNOTAbleToLoginWithCorrectUsernameAndIncorrectPassword" time="0.0">
    <ignored/>
  </testcase> <!-- verifyUserNOTAbleToLoginWithCorrectUsernameAndIncorrectPassword -->
</testsuite> <!-- chromeTest -->
