<?xml version="1.0" encoding="UTF-8"?>
<!-- Generated by org.testng.reporters.JUnitXMLReporter -->
<testsuite ignored="3" hostname="LAPTOP-6AKV2JN9" failures="1" tests="1" name="edgeTest" time="6.482" errors="0" timestamp="2024-02-12T07:30:00 IST">
  <testcase classname="testScripts.LoginTest" name="verifyUserAbleToLoginWithCorrectUsernameAndCorrectPassword" time="0.153">
    <failure type="java.lang.NullPointerException" message="Cannot invoke &amp;quot;org.apache.poi.xssf.usermodel.XSSFWorkbook.getSheet(String)&amp;quot; because &amp;quot;utilities.ExcelUtility.wb&amp;quot; is null">
      <![CDATA[java.lang.NullPointerException: Cannot invoke "org.apache.poi.xssf.usermodel.XSSFWorkbook.getSheet(String)" because "utilities.ExcelUtility.wb" is null
at utilities.ExcelUtility.getString(ExcelUtility.java:33)
at testScripts.LoginTest.verifyUserAbleToLoginWithCorrectUsernameAndCorrectPassword(LoginTest.java:19)
at java.base/java.util.ArrayList.forEach(ArrayList.java:1596)
at java.base/java.util.concurrent.FutureTask.run(FutureTask.java:317)
at java.base/java.util.concurrent.ThreadPoolExecutor.runWorker(ThreadPoolExecutor.java:1144)
at java.base/java.util.concurrent.ThreadPoolExecutor$Worker.run(ThreadPoolExecutor.java:642)
at java.base/java.lang.Thread.run(Thread.java:1583)
... Removed 15 stack frames]]>
    </failure>
  </testcase> <!-- verifyUserAbleToLoginWithCorrectUsernameAndCorrectPassword -->
  <testcase classname="testScripts.LoginTest" name="verifyUserNOTAbleToLoginWithIncorrectUsernameAndIncorrectPassword" time="0.0">
    <ignored/>
  </testcase> <!-- verifyUserNOTAbleToLoginWithIncorrectUsernameAndIncorrectPassword -->
  <testcase classname="testScripts.LoginTest" name="verifyUserNOTAbleToLoginWithIncorrectUsernameAndCorrectPassword" time="0.0">
    <ignored/>
  </testcase> <!-- verifyUserNOTAbleToLoginWithIncorrectUsernameAndCorrectPassword -->
  <testcase classname="testScripts.LoginTest" name="verifyUserNOTAbleToLoginWithCorrectUsernameAndIncorrectPassword" time="0.0">
    <ignored/>
  </testcase> <!-- verifyUserNOTAbleToLoginWithCorrectUsernameAndIncorrectPassword -->
</testsuite> <!-- edgeTest -->
