<?xml version="1.0" encoding="UTF-8"?>
<!-- Generated by org.testng.reporters.JUnitXMLReporter -->
<testsuite ignored="0" hostname="LAPTOP-6AKV2JN9" failures="2" tests="5" name="Test" time="28.368" errors="0" timestamp="2024-02-14T07:34:14 IST">
  <testcase classname="testScripts.ManageSliderTest" name="verifyThatUserIsAbleToUploadImageInManageSliderLink" time="0.233">
    <failure type="org.apache.poi.openxml4j.exceptions.NotOfficeXmlFileException" message="No valid entries or contents found, this is not a valid OOXML (Office Open XML) file">
      <![CDATA[org.apache.poi.openxml4j.exceptions.NotOfficeXmlFileException: No valid entries or contents found, this is not a valid OOXML (Office Open XML) file
at org.apache.poi.openxml4j.util.ZipArchiveThresholdInputStream.getNextEntry(ZipArchiveThresholdInputStream.java:156)
at org.apache.poi.openxml4j.util.ZipInputStreamZipEntrySource.<init>(ZipInputStreamZipEntrySource.java:94)
at org.apache.poi.openxml4j.opc.ZipPackage.<init>(ZipPackage.java:132)
at org.apache.poi.openxml4j.opc.OPCPackage.open(OPCPackage.java:319)
at org.apache.poi.ooxml.util.PackageHelper.open(PackageHelper.java:59)
at org.apache.poi.xssf.usermodel.XSSFWorkbook.<init>(XSSFWorkbook.java:290)
at org.apache.poi.xssf.usermodel.XSSFWorkbook.<init>(XSSFWorkbook.java:286)
at utilities.ExcelUtility.getString(ExcelUtility.java:28)
at testScripts.ManageSliderTest.verifyThatUserIsAbleToUploadImageInManageSliderLink(ManageSliderTest.java:19)
at java.base/java.util.concurrent.ThreadPoolExecutor.runWorker(ThreadPoolExecutor.java:1144)
at java.base/java.util.concurrent.ThreadPoolExecutor$Worker.run(ThreadPoolExecutor.java:642)
at java.base/java.lang.Thread.run(Thread.java:1583)
Caused by: java.util.zip.ZipException: Unexpected record signature: 0XF489B04C
at org.apache.commons.compress.archivers.zip.ZipArchiveInputStream.getNextZipEntry(ZipArchiveInputStream.java:296)
at org.apache.poi.openxml4j.util.ZipArchiveThresholdInputStream.getNextEntry(ZipArchiveThresholdInputStream.java:152)
... 21 more
... Removed 10 stack frames]]>
    </failure>
  </testcase> <!-- verifyThatUserIsAbleToUploadImageInManageSliderLink -->
  <testcase classname="testScripts.LoginTest" name="verifyUserAbleToLoginWithCorrectUsernameAndCorrectPassword" time="0.218">
    <failure type="java.lang.NullPointerException" message="Cannot invoke &amp;quot;org.apache.poi.xssf.usermodel.XSSFWorkbook.getSheet(String)&amp;quot; because &amp;quot;utilities.ExcelUtility.wb&amp;quot; is null">
      <![CDATA[java.lang.NullPointerException: Cannot invoke "org.apache.poi.xssf.usermodel.XSSFWorkbook.getSheet(String)" because "utilities.ExcelUtility.wb" is null
at utilities.ExcelUtility.getString(ExcelUtility.java:33)
at testScripts.LoginTest.verifyUserAbleToLoginWithCorrectUsernameAndCorrectPassword(LoginTest.java:16)
at java.base/java.util.concurrent.ThreadPoolExecutor.runWorker(ThreadPoolExecutor.java:1144)
at java.base/java.util.concurrent.ThreadPoolExecutor$Worker.run(ThreadPoolExecutor.java:642)
at java.base/java.lang.Thread.run(Thread.java:1583)
... Removed 10 stack frames]]>
    </failure>
  </testcase> <!-- verifyUserAbleToLoginWithCorrectUsernameAndCorrectPassword -->
  <testcase classname="testScripts.LoginTest" name="verifyUserNOTAbleToLoginWithCorrectUsernameAndIncorrectPassword" time="1.821"/>
  <testcase classname="testScripts.LoginTest" name="verifyUserNOTAbleToLoginWithIncorrectUsernameAndCorrectPassword" time="1.039"/>
  <testcase classname="testScripts.LoginTest" name="verifyUserNOTAbleToLoginWithIncorrectUsernameAndIncorrectPassword" time="0.948"/>
</testsuite> <!-- Test -->
