<?xml version="1.0" encoding="UTF-8"?>
<!-- Generated by org.testng.reporters.JUnitXMLReporter -->
<testsuite ignored="3" hostname="LAPTOP-6AKV2JN9" failures="1" tests="1" name="Test" time="4.767" errors="0" timestamp="2024-02-08T07:41:46 IST">
  <testcase classname="testScripts.LoginTest" name="verifyUserAbleToLoginWithCorrectUsernameAndCorrectPassword" time="0.768">
    <failure type="java.lang.NullPointerException" message="Cannot invoke &amp;quot;org.apache.poi.ss.usermodel.Cell.getStringCellValue()&amp;quot; because &amp;quot;c&amp;quot; is null">
      <![CDATA[java.lang.NullPointerException: Cannot invoke "org.apache.poi.ss.usermodel.Cell.getStringCellValue()" because "c" is null
at utilities.ExcelUtility.getString(ExcelUtility.java:36)
at testScripts.LoginTest.verifyUserAbleToLoginWithCorrectUsernameAndCorrectPassword(LoginTest.java:20)
at java.base/java.util.ArrayList.forEach(ArrayList.java:1596)
... Removed 25 stack frames]]>
    </failure>
  </testcase> <!-- verifyUserAbleToLoginWithCorrectUsernameAndCorrectPassword -->
  <testcase classname="testScripts.LoginTest" name="verifyUserNOTAbleToLoginWithIncorrectUsernameAndCorrectPassword" time="0.0">
    <ignored/>
  </testcase> <!-- verifyUserNOTAbleToLoginWithIncorrectUsernameAndCorrectPassword -->
  <testcase classname="testScripts.LoginTest" name="verifyUserNOTAbleToLoginWithIncorrectUsernameAndIncorrectPassword" time="0.0">
    <ignored/>
  </testcase> <!-- verifyUserNOTAbleToLoginWithIncorrectUsernameAndIncorrectPassword -->
  <testcase classname="testScripts.LoginTest" name="verifyUserNOTAbleToLoginWithCorrectUsernameAndIncorrectPassword" time="0.0">
    <ignored/>
  </testcase> <!-- verifyUserNOTAbleToLoginWithCorrectUsernameAndIncorrectPassword -->
</testsuite> <!-- Test -->
