<?xml version="1.0" encoding="UTF-8"?>
<!-- Generated by org.testng.reporters.JUnitXMLReporter -->
<testsuite ignored="3" hostname="LAPTOP-6AKV2JN9" failures="0" tests="1" name="chromeTest" time="8.863" errors="0" timestamp="2024-02-12T07:21:33 IST">
  <testcase classname="testScripts.LoginTest" name="verifyUserAbleToLoginWithCorrectUsernameAndCorrectPassword" time="3.36"/>
  <testcase classname="testScripts.LoginTest" name="verifyUserNOTAbleToLoginWithIncorrectUsernameAndCorrectPassword" time="0.0">
    <ignored/>
  </testcase> <!-- verifyUserNOTAbleToLoginWithIncorrectUsernameAndCorrectPassword -->
  <testcase classname="testScripts.LoginTest" name="verifyUserNOTAbleToLoginWithIncorrectUsernameAndIncorrectPassword" time="0.0">
    <ignored/>
  </testcase> <!-- verifyUserNOTAbleToLoginWithIncorrectUsernameAndIncorrectPassword -->
  <testcase classname="testScripts.LoginTest" name="verifyUserNOTAbleToLoginWithCorrectUsernameAndIncorrectPassword" time="0.0">
    <ignored/>
  </testcase> <!-- verifyUserNOTAbleToLoginWithCorrectUsernameAndIncorrectPassword -->
</testsuite> <!-- chromeTest -->
