<?xml version="1.0" encoding="UTF-8"?>
<testng-results ignored="0" total="1" passed="1" failed="0" skipped="0">
  <reporter-output>
  </reporter-output>
  <suite started-at="2024-02-05T06:52:55 IST" name="Default suite" finished-at="2024-02-05T06:54:13 IST" duration-ms="78121">
    <groups>
    </groups>
    <test started-at="2024-02-05T06:52:55 IST" name="Default test" finished-at="2024-02-05T06:54:13 IST" duration-ms="78121">
      <class name="testScripts.HomeTest">
        <test-method is-config="true" signature="initializeBrowser()[pri:0, instance:testScripts.HomeTest@5d0bf09b]" started-at="2024-02-05T06:52:55 IST" name="initializeBrowser" finished-at="2024-02-05T06:52:57 IST" duration-ms="2387" status="PASS">
          <reporter-output>
          </reporter-output>
        </test-method> <!-- initializeBrowser -->
        <test-method signature="verifyUserAbleToClickOnEachGrid()[pri:0, instance:testScripts.HomeTest@5d0bf09b]" started-at="2024-02-05T06:52:57 IST" name="verifyUserAbleToClickOnEachGrid" finished-at="2024-02-05T06:54:13 IST" duration-ms="75584" status="PASS">
          <reporter-output>
          </reporter-output>
        </test-method> <!-- verifyUserAbleToClickOnEachGrid -->
        <test-method is-config="true" signature="driverQuit()[pri:0, instance:testScripts.HomeTest@5d0bf09b]" started-at="2024-02-05T06:54:13 IST" name="driverQuit" finished-at="2024-02-05T06:54:13 IST" duration-ms="83" status="PASS">
          <reporter-output>
          </reporter-output>
        </test-method> <!-- driverQuit -->
      </class> <!-- testScripts.HomeTest -->
    </test> <!-- Default test -->
  </suite> <!-- Default suite -->
</testng-results>
